<?xml version="1.0" encoding="UTF-8"?>
<!-- Generated by org.testng.reporters.JUnitReportReporter -->
<testsuite hostname="VInodG" failures="0" tests="5" name="com.qa.rest.weather.WeatherTest" time="3.684" errors="0" timestamp="21 Apr 2018 10:09:08 GMT" skipped="0">
  <testcase classname="com.qa.rest.weather.WeatherTest" name="testcode400" time="0.132"/>
  <testcase classname="com.qa.rest.weather.WeatherTest" name="testcode404" time="0.091"/>
  <testcase classname="com.qa.rest.weather.WeatherTest" name="testdata" time="0.072"/>
  <testcase classname="com.qa.rest.weather.WeatherTest" name="testcode200" time="2.599"/>
  <testcase classname="com.qa.rest.weather.WeatherTest" name="testcountry" time="0.790"/>
</testsuite> <!-- com.qa.rest.weather.WeatherTest -->
